<?xml version="1.0" encoding="UTF-8"?>
<testng-results skipped="0" failed="0" ignored="0" total="1" passed="1">
  <reporter-output>
  </reporter-output>
  <suite name="Default suite" duration-ms="11676" started-at="2019-01-25T10:07:14Z" finished-at="2019-01-25T10:07:26Z">
    <groups>
    </groups>
    <test name="Default test" duration-ms="11676" started-at="2019-01-25T10:07:14Z" finished-at="2019-01-25T10:07:26Z">
      <class name="testcases.TC_001">
        <test-method status="PASS" signature="createDriverInstance()[pri:0, instance:testcases.TC_001@475530b9]" name="createDriverInstance" is-config="true" duration-ms="11572" started-at="2019-01-25T10:07:14Z" finished-at="2019-01-25T10:07:26Z">
          <reporter-output>
          </reporter-output>
        </test-method> <!-- createDriverInstance -->
        <test-method status="PASS" signature="tcase1()[pri:0, instance:testcases.TC_001@475530b9]" name="tcase1" duration-ms="50" started-at="2019-01-25T10:07:26Z" finished-at="2019-01-25T10:07:26Z">
          <reporter-output>
          </reporter-output>
        </test-method> <!-- tcase1 -->
        <test-method status="PASS" signature="dropDriverInstance()[pri:0, instance:testcases.TC_001@475530b9]" name="dropDriverInstance" is-config="true" duration-ms="0" started-at="2019-01-25T10:07:26Z" finished-at="2019-01-25T10:07:26Z">
          <reporter-output>
          </reporter-output>
        </test-method> <!-- dropDriverInstance -->
      </class> <!-- testcases.TC_001 -->
    </test> <!-- Default test -->
  </suite> <!-- Default suite -->
</testng-results>
